2025-07-28 19:25:19,286 p=55033 u=bene n=ansible INFO| [DEPRECATION WARNING]: community.general.yaml has been deprecated. The plugin has been superseded by the 
the option `result_format=yaml` in callback plugin ansible.builtin.default from ansible-core 2.13 
onwards. This feature will be removed from community.general in version 12.0.0. Deprecation warnings can 
be disabled by setting deprecation_warnings=False in ansible.cfg.
2025-07-28 19:25:19,300 p=55033 u=bene n=ansible INFO| PLAY [Provision Docker Swarm Infrastructure] *************************************************************
2025-07-28 19:25:19,314 p=55033 u=bene n=ansible INFO| TASK [Gathering Facts] ***********************************************************************************
2025-07-28 19:25:19,314 p=55033 u=bene n=ansible INFO| Monday 28 July 2025  19:25:19 +0700 (0:00:00.017)       0:00:00.017 *********** 
2025-07-28 19:25:23,442 p=55033 u=bene n=ansible WARNING| [WARNING]: Platform linux on host swarm-manager-01 is using the discovered Python interpreter at
/usr/bin/python3.10, but future installation of another Python interpreter could change the meaning of
that path. See https://docs.ansible.com/ansible-core/2.18/reference_appendices/interpreter_discovery.html
for more information.

2025-07-28 19:25:23,442 p=55033 u=bene n=ansible INFO| ok: [swarm-manager-01]
2025-07-28 19:25:23,450 p=55033 u=bene n=ansible INFO| TASK [traefik : Create Traefik configuration] ************************************************************
2025-07-28 19:25:23,450 p=55033 u=bene n=ansible INFO| Monday 28 July 2025  19:25:23 +0700 (0:00:04.136)       0:00:04.153 *********** 
2025-07-28 19:25:25,731 p=55033 u=bene n=ansible INFO| changed: [swarm-manager-01]
2025-07-28 19:25:25,737 p=55033 u=bene n=ansible INFO| TASK [traefik : Create Traefik dynamic configuration] ****************************************************
2025-07-28 19:25:25,738 p=55033 u=bene n=ansible INFO| Monday 28 July 2025  19:25:25 +0700 (0:00:02.287)       0:00:06.441 *********** 
2025-07-28 19:25:27,665 p=55033 u=bene n=ansible INFO| changed: [swarm-manager-01]
2025-07-28 19:25:27,672 p=55033 u=bene n=ansible INFO| TASK [traefik : Create acme.json file] *******************************************************************
2025-07-28 19:25:27,672 p=55033 u=bene n=ansible INFO| Monday 28 July 2025  19:25:27 +0700 (0:00:01.934)       0:00:08.375 *********** 
2025-07-28 19:25:28,209 p=55033 u=bene n=ansible INFO| changed: [swarm-manager-01]
2025-07-28 19:25:28,215 p=55033 u=bene n=ansible INFO| TASK [traefik : Create Traefik stack compose file] *******************************************************
2025-07-28 19:25:28,215 p=55033 u=bene n=ansible INFO| Monday 28 July 2025  19:25:28 +0700 (0:00:00.543)       0:00:08.919 *********** 
2025-07-28 19:25:30,431 p=55033 u=bene n=ansible INFO| changed: [swarm-manager-01]
2025-07-28 19:25:30,437 p=55033 u=bene n=ansible INFO| TASK [traefik : Deploy Traefik stack] ********************************************************************
2025-07-28 19:25:30,437 p=55033 u=bene n=ansible INFO| Monday 28 July 2025  19:25:30 +0700 (0:00:02.221)       0:00:11.140 *********** 
2025-07-28 19:25:31,556 p=55033 u=bene n=ansible INFO| fatal: [swarm-manager-01]: FAILED! => changed=false 
  msg: jsondiff is not installed, try 'pip install jsondiff'
2025-07-28 19:25:31,557 p=55033 u=bene n=ansible INFO| PLAY RECAP ***********************************************************************************************
2025-07-28 19:25:31,557 p=55033 u=bene n=ansible INFO| swarm-manager-01           : ok=5    changed=4    unreachable=0    failed=1    skipped=0    rescued=0    ignored=0   
2025-07-28 19:25:31,557 p=55033 u=bene n=ansible INFO| Playbook run took 0 days, 0 hours, 0 minutes, 12 seconds
2025-07-28 19:25:31,557 p=55033 u=bene n=ansible INFO| Monday 28 July 2025  19:25:31 +0700 (0:00:01.119)       0:00:12.260 *********** 
2025-07-28 19:25:31,557 p=55033 u=bene n=ansible INFO| =============================================================================== 
2025-07-28 19:25:31,557 p=55033 u=bene n=ansible INFO| Gathering Facts ----------------------------------------------------------------------------------- 4.14s
2025-07-28 19:25:31,557 p=55033 u=bene n=ansible INFO| traefik : Create Traefik configuration ------------------------------------------------------------ 2.29s
2025-07-28 19:25:31,557 p=55033 u=bene n=ansible INFO| traefik : Create Traefik stack compose file ------------------------------------------------------- 2.22s
2025-07-28 19:25:31,557 p=55033 u=bene n=ansible INFO| traefik : Create Traefik dynamic configuration ---------------------------------------------------- 1.93s
2025-07-28 19:25:31,557 p=55033 u=bene n=ansible INFO| traefik : Deploy Traefik stack -------------------------------------------------------------------- 1.12s
2025-07-28 19:25:31,557 p=55033 u=bene n=ansible INFO| traefik : Create acme.json file ------------------------------------------------------------------- 0.54s
2025-07-28 19:36:37,741 p=59664 u=bene n=ansible INFO| [DEPRECATION WARNING]: community.general.yaml has been deprecated. The plugin has been superseded by the 
the option `result_format=yaml` in callback plugin ansible.builtin.default from ansible-core 2.13 
onwards. This feature will be removed from community.general in version 12.0.0. Deprecation warnings can 
be disabled by setting deprecation_warnings=False in ansible.cfg.
2025-07-28 19:36:37,757 p=59664 u=bene n=ansible INFO| PLAY [Provision Docker Swarm Infrastructure] *************************************************************
2025-07-28 19:36:37,770 p=59664 u=bene n=ansible INFO| TASK [Gathering Facts] ***********************************************************************************
2025-07-28 19:36:37,770 p=59664 u=bene n=ansible INFO| Monday 28 July 2025  19:36:37 +0700 (0:00:00.017)       0:00:00.017 *********** 
2025-07-28 19:36:41,457 p=59664 u=bene n=ansible WARNING| [WARNING]: Platform linux on host swarm-manager-01 is using the discovered Python interpreter at
/usr/bin/python3.10, but future installation of another Python interpreter could change the meaning of
that path. See https://docs.ansible.com/ansible-core/2.18/reference_appendices/interpreter_discovery.html
for more information.

2025-07-28 19:36:41,457 p=59664 u=bene n=ansible INFO| ok: [swarm-manager-01]
2025-07-28 19:36:41,464 p=59664 u=bene n=ansible INFO| TASK [traefik : Deploy Traefik stack] ********************************************************************
2025-07-28 19:36:41,464 p=59664 u=bene n=ansible INFO| Monday 28 July 2025  19:36:41 +0700 (0:00:03.693)       0:00:03.711 *********** 
2025-07-28 19:36:42,564 p=59664 u=bene n=ansible INFO| fatal: [swarm-manager-01]: FAILED! => changed=false 
  msg: jsondiff is not installed, try 'pip install jsondiff'
2025-07-28 19:36:42,565 p=59664 u=bene n=ansible INFO| PLAY RECAP ***********************************************************************************************
2025-07-28 19:36:42,565 p=59664 u=bene n=ansible INFO| swarm-manager-01           : ok=1    changed=0    unreachable=0    failed=1    skipped=0    rescued=0    ignored=0   
2025-07-28 19:36:42,565 p=59664 u=bene n=ansible INFO| Playbook run took 0 days, 0 hours, 0 minutes, 4 seconds
2025-07-28 19:36:42,566 p=59664 u=bene n=ansible INFO| Monday 28 July 2025  19:36:42 +0700 (0:00:01.101)       0:00:04.813 *********** 
2025-07-28 19:36:42,566 p=59664 u=bene n=ansible INFO| =============================================================================== 
2025-07-28 19:36:42,566 p=59664 u=bene n=ansible INFO| Gathering Facts ----------------------------------------------------------------------------------- 3.69s
2025-07-28 19:36:42,566 p=59664 u=bene n=ansible INFO| traefik : Deploy Traefik stack -------------------------------------------------------------------- 1.10s
2025-07-28 19:38:11,427 p=60841 u=bene n=ansible INFO| [DEPRECATION WARNING]: community.general.yaml has been deprecated. The plugin has been superseded by the 
the option `result_format=yaml` in callback plugin ansible.builtin.default from ansible-core 2.13 
onwards. This feature will be removed from community.general in version 12.0.0. Deprecation warnings can 
be disabled by setting deprecation_warnings=False in ansible.cfg.
2025-07-28 19:38:11,443 p=60841 u=bene n=ansible INFO| PLAY [Provision Docker Swarm Infrastructure] *************************************************************
2025-07-28 19:38:11,456 p=60841 u=bene n=ansible INFO| TASK [Gathering Facts] ***********************************************************************************
2025-07-28 19:38:11,456 p=60841 u=bene n=ansible INFO| Monday 28 July 2025  19:38:11 +0700 (0:00:00.017)       0:00:00.017 *********** 
2025-07-28 19:38:15,283 p=60841 u=bene n=ansible WARNING| [WARNING]: Platform linux on host swarm-manager-01 is using the discovered Python interpreter at
/usr/bin/python3.10, but future installation of another Python interpreter could change the meaning of
that path. See https://docs.ansible.com/ansible-core/2.18/reference_appendices/interpreter_discovery.html
for more information.

2025-07-28 19:38:15,283 p=60841 u=bene n=ansible INFO| ok: [swarm-manager-01]
2025-07-28 19:38:15,293 p=60841 u=bene n=ansible INFO| TASK [traefik : Deploy Traefik stack] ********************************************************************
2025-07-28 19:38:15,294 p=60841 u=bene n=ansible INFO| Monday 28 July 2025  19:38:15 +0700 (0:00:03.837)       0:00:03.854 *********** 
2025-07-28 19:38:16,120 p=60841 u=bene n=ansible INFO| fatal: [swarm-manager-01]: FAILED! => changed=false 
  msg: jsondiff is not installed, try 'pip install jsondiff'
2025-07-28 19:38:16,121 p=60841 u=bene n=ansible INFO| PLAY RECAP ***********************************************************************************************
2025-07-28 19:38:16,121 p=60841 u=bene n=ansible INFO| swarm-manager-01           : ok=1    changed=0    unreachable=0    failed=1    skipped=0    rescued=0    ignored=0   
2025-07-28 19:38:16,121 p=60841 u=bene n=ansible INFO| Playbook run took 0 days, 0 hours, 0 minutes, 4 seconds
2025-07-28 19:38:16,121 p=60841 u=bene n=ansible INFO| Monday 28 July 2025  19:38:16 +0700 (0:00:00.827)       0:00:04.682 *********** 
2025-07-28 19:38:16,121 p=60841 u=bene n=ansible INFO| =============================================================================== 
2025-07-28 19:38:16,121 p=60841 u=bene n=ansible INFO| Gathering Facts ----------------------------------------------------------------------------------- 3.84s
2025-07-28 19:38:16,121 p=60841 u=bene n=ansible INFO| traefik : Deploy Traefik stack -------------------------------------------------------------------- 0.83s
2025-07-28 19:42:29,598 p=61931 u=bene n=ansible INFO| [DEPRECATION WARNING]: community.general.yaml has been deprecated. The plugin has been superseded by the 
the option `result_format=yaml` in callback plugin ansible.builtin.default from ansible-core 2.13 
onwards. This feature will be removed from community.general in version 12.0.0. Deprecation warnings can 
be disabled by setting deprecation_warnings=False in ansible.cfg.
2025-07-28 19:42:29,613 p=61931 u=bene n=ansible INFO| PLAY [Provision Docker Swarm Infrastructure] *************************************************************
2025-07-28 19:42:29,626 p=61931 u=bene n=ansible INFO| TASK [Gathering Facts] ***********************************************************************************
2025-07-28 19:42:29,626 p=61931 u=bene n=ansible INFO| Monday 28 July 2025  19:42:29 +0700 (0:00:00.017)       0:00:00.017 *********** 
2025-07-28 19:42:33,180 p=61931 u=bene n=ansible WARNING| [WARNING]: Platform linux on host swarm-manager-01 is using the discovered Python interpreter at
/usr/bin/python3.10, but future installation of another Python interpreter could change the meaning of
that path. See https://docs.ansible.com/ansible-core/2.18/reference_appendices/interpreter_discovery.html
for more information.

2025-07-28 19:42:33,181 p=61931 u=bene n=ansible INFO| ok: [swarm-manager-01]
2025-07-28 19:42:33,187 p=61931 u=bene n=ansible INFO| TASK [traefik : Deploy Traefik stack] ********************************************************************
2025-07-28 19:42:33,187 p=61931 u=bene n=ansible INFO| Monday 28 July 2025  19:42:33 +0700 (0:00:03.560)       0:00:03.578 *********** 
2025-07-28 19:42:36,999 p=61931 u=bene n=ansible INFO| changed: [swarm-manager-01]
2025-07-28 19:42:37,006 p=61931 u=bene n=ansible INFO| TASK [traefik : Wait for Traefik to be ready] ************************************************************
2025-07-28 19:42:37,007 p=61931 u=bene n=ansible INFO| Monday 28 July 2025  19:42:37 +0700 (0:00:03.819)       0:00:07.398 *********** 
2025-07-28 19:42:38,101 p=61931 u=bene n=ansible INFO| FAILED - RETRYING: [swarm-manager-01]: Wait for Traefik to be ready (30 retries left).
2025-07-28 19:42:44,272 p=61931 u=bene n=ansible INFO| FAILED - RETRYING: [swarm-manager-01]: Wait for Traefik to be ready (29 retries left).
2025-07-28 19:42:50,268 p=61931 u=bene n=ansible INFO| FAILED - RETRYING: [swarm-manager-01]: Wait for Traefik to be ready (28 retries left).
2025-07-28 19:42:56,371 p=61931 u=bene n=ansible INFO| FAILED - RETRYING: [swarm-manager-01]: Wait for Traefik to be ready (27 retries left).
2025-07-28 19:43:02,552 p=61931 u=bene n=ansible INFO| FAILED - RETRYING: [swarm-manager-01]: Wait for Traefik to be ready (26 retries left).
2025-07-28 19:43:08,593 p=61931 u=bene n=ansible INFO| FAILED - RETRYING: [swarm-manager-01]: Wait for Traefik to be ready (25 retries left).
2025-07-28 19:43:14,836 p=61931 u=bene n=ansible INFO| FAILED - RETRYING: [swarm-manager-01]: Wait for Traefik to be ready (24 retries left).
2025-07-28 19:43:21,103 p=61931 u=bene n=ansible INFO| FAILED - RETRYING: [swarm-manager-01]: Wait for Traefik to be ready (23 retries left).
2025-07-28 19:43:27,082 p=61931 u=bene n=ansible INFO| FAILED - RETRYING: [swarm-manager-01]: Wait for Traefik to be ready (22 retries left).
2025-07-28 19:43:33,262 p=61931 u=bene n=ansible INFO| FAILED - RETRYING: [swarm-manager-01]: Wait for Traefik to be ready (21 retries left).
2025-07-28 19:43:39,388 p=61931 u=bene n=ansible INFO| FAILED - RETRYING: [swarm-manager-01]: Wait for Traefik to be ready (20 retries left).
2025-07-28 19:43:45,871 p=61931 u=bene n=ansible INFO| FAILED - RETRYING: [swarm-manager-01]: Wait for Traefik to be ready (19 retries left).
2025-07-28 19:43:52,008 p=61931 u=bene n=ansible INFO| FAILED - RETRYING: [swarm-manager-01]: Wait for Traefik to be ready (18 retries left).
2025-07-28 19:43:58,511 p=61931 u=bene n=ansible INFO| FAILED - RETRYING: [swarm-manager-01]: Wait for Traefik to be ready (17 retries left).
2025-07-28 19:44:04,755 p=61931 u=bene n=ansible INFO| FAILED - RETRYING: [swarm-manager-01]: Wait for Traefik to be ready (16 retries left).
2025-07-28 19:44:10,915 p=61931 u=bene n=ansible INFO| FAILED - RETRYING: [swarm-manager-01]: Wait for Traefik to be ready (15 retries left).
2025-07-28 19:44:17,019 p=61931 u=bene n=ansible INFO| FAILED - RETRYING: [swarm-manager-01]: Wait for Traefik to be ready (14 retries left).
2025-07-28 19:44:23,193 p=61931 u=bene n=ansible INFO| FAILED - RETRYING: [swarm-manager-01]: Wait for Traefik to be ready (13 retries left).
2025-07-28 19:44:29,347 p=61931 u=bene n=ansible INFO| FAILED - RETRYING: [swarm-manager-01]: Wait for Traefik to be ready (12 retries left).
2025-07-28 19:44:35,559 p=61931 u=bene n=ansible INFO| FAILED - RETRYING: [swarm-manager-01]: Wait for Traefik to be ready (11 retries left).
2025-07-28 19:44:41,692 p=61931 u=bene n=ansible INFO| FAILED - RETRYING: [swarm-manager-01]: Wait for Traefik to be ready (10 retries left).
2025-07-28 19:44:47,898 p=61931 u=bene n=ansible INFO| FAILED - RETRYING: [swarm-manager-01]: Wait for Traefik to be ready (9 retries left).
2025-07-28 19:44:53,901 p=61931 u=bene n=ansible INFO| FAILED - RETRYING: [swarm-manager-01]: Wait for Traefik to be ready (8 retries left).
2025-07-28 19:45:00,138 p=61931 u=bene n=ansible INFO| FAILED - RETRYING: [swarm-manager-01]: Wait for Traefik to be ready (7 retries left).
2025-07-28 19:45:06,210 p=61931 u=bene n=ansible INFO| FAILED - RETRYING: [swarm-manager-01]: Wait for Traefik to be ready (6 retries left).
2025-07-28 19:45:12,458 p=61931 u=bene n=ansible INFO| FAILED - RETRYING: [swarm-manager-01]: Wait for Traefik to be ready (5 retries left).
2025-07-28 19:45:18,673 p=61931 u=bene n=ansible INFO| FAILED - RETRYING: [swarm-manager-01]: Wait for Traefik to be ready (4 retries left).
2025-07-28 19:45:24,815 p=61931 u=bene n=ansible INFO| FAILED - RETRYING: [swarm-manager-01]: Wait for Traefik to be ready (3 retries left).
2025-07-28 19:45:31,042 p=61931 u=bene n=ansible INFO| FAILED - RETRYING: [swarm-manager-01]: Wait for Traefik to be ready (2 retries left).
2025-07-28 19:45:37,060 p=61931 u=bene n=ansible INFO| FAILED - RETRYING: [swarm-manager-01]: Wait for Traefik to be ready (1 retries left).
2025-07-28 19:45:43,201 p=61931 u=bene n=ansible INFO| fatal: [swarm-manager-01]: FAILED! => changed=false 
  attempts: 30
  elapsed: 0
  msg: 'Status code was -1 and not [200]: Request failed: <urlopen error [Errno 111] Connection refused>'
  redirected: false
  status: -1
  url: http://10.0.0.248:8080/ping
2025-07-28 19:45:43,202 p=61931 u=bene n=ansible INFO| PLAY RECAP ***********************************************************************************************
2025-07-28 19:45:43,202 p=61931 u=bene n=ansible INFO| swarm-manager-01           : ok=2    changed=1    unreachable=0    failed=1    skipped=0    rescued=0    ignored=0   
2025-07-28 19:45:43,202 p=61931 u=bene n=ansible INFO| Playbook run took 0 days, 0 hours, 3 minutes, 13 seconds
2025-07-28 19:45:43,203 p=61931 u=bene n=ansible INFO| Monday 28 July 2025  19:45:43 +0700 (0:03:06.195)       0:03:13.594 *********** 
2025-07-28 19:45:43,203 p=61931 u=bene n=ansible INFO| =============================================================================== 
2025-07-28 19:45:43,203 p=61931 u=bene n=ansible INFO| traefik : Wait for Traefik to be ready ---------------------------------------------------------- 186.20s
2025-07-28 19:45:43,203 p=61931 u=bene n=ansible INFO| traefik : Deploy Traefik stack -------------------------------------------------------------------- 3.82s
2025-07-28 19:45:43,203 p=61931 u=bene n=ansible INFO| Gathering Facts ----------------------------------------------------------------------------------- 3.56s
2025-07-28 19:49:11,746 p=62490 u=bene n=ansible WARNING| [WARNING]: Platform linux on host swarm-manager-01 is using the discovered Python interpreter at
/usr/bin/python3.10, but future installation of another Python interpreter could change the meaning of
that path. See https://docs.ansible.com/ansible-core/2.18/reference_appendices/interpreter_discovery.html
for more information.

2025-07-28 19:49:11,747 p=62490 u=bene n=ansible INFO| swarm-manager-01 | CHANGED | rc=0 >>
CONTAINER ID   IMAGE          COMMAND                  CREATED          STATUS                      PORTS     NAMES
9dfe67dfa299   traefik:v3.0   "/entrypoint.sh --ap…"   4 seconds ago    Created                               traefik_traefik.pqbmwze7j7m521octob5glfgm.q8m5zjirnv39nhj2awhqmwfza
15989c318f3a   traefik:v3.0   "/entrypoint.sh --ap…"   11 seconds ago   Exited (1) 5 seconds ago              traefik_traefik.pqbmwze7j7m521octob5glfgm.iqifa5glaiv54eqnbn8luek4b
1a7ded624e7e   traefik:v3.0   "/entrypoint.sh --ap…"   18 seconds ago   Exited (1) 12 seconds ago             traefik_traefik.pqbmwze7j7m521octob5glfgm.uoe9yze360q99u7pr3usy0f55
6d1896d4c920   traefik:v3.0   "/entrypoint.sh --ap…"   25 seconds ago   Exited (1) 19 seconds ago             traefik_traefik.pqbmwze7j7m521octob5glfgm.z2jnkzsft0svylw96qlygavjk
36dd506cb871   traefik:v3.0   "/entrypoint.sh --ap…"   32 seconds ago   Exited (1) 26 seconds ago             traefik_traefik.pqbmwze7j7m521octob5glfgm.832n3rhlctmnj6mdrjwbsqqo3

